0.0333333 0.0798474 
0.1 0.0798017 
0.166667 0.0797114 
0.233333 0.0795779 
0.3 0.0794037 
0.366667 0.0791921 
0.433333 0.0789468 
0.5 0.0786723 
0.566667 0.0783735 
0.633333 0.0780555 
0.7 0.0777238 
0.766667 0.0773841 
0.833333 0.0770418 
0.9 0.0767024 
0.966667 0.0763708 
1.03333 0.0760515 
1.1 0.0757487 
1.16667 0.0754655 
1.23333 0.0752043 
1.3 0.0749666 
1.36667 0.0747528 
1.43333 0.0745622 
1.5 0.0743932 
1.56667 0.0742427 
1.63333 0.0741067 
1.7 0.0739799 
1.76667 0.0738561 
1.83333 0.0737282 
1.9 0.0735879 
1.96667 0.0734265 
2.03333 0.0732346 
2.1 0.0730023 
2.16667 0.0727195 
2.23333 0.0723762 
2.3 0.0719625 
2.36667 0.0714688 
2.43333 0.0708861 
2.5 0.0702062 
2.56667 0.069422 
2.63333 0.0685273 
2.7 0.0675174 
2.76667 0.0663888 
2.83333 0.0651398 
2.9 0.0637701 
2.96667 0.062281 
3.03333 0.0606756 
3.1 0.0589585 
3.16667 0.0571359 
3.23333 0.0552155 
3.3 0.0532064 
3.36667 0.0511188 
3.43333 0.0489641 
3.5 0.0467543 
3.56667 0.0445023 
3.63333 0.0422215 
3.7 0.0399253 
3.76667 0.0376272 
3.83333 0.0353407 
3.9 0.0330786 
3.96667 0.0308532 
4.03333 0.0286762 
4.1 0.0265582 
4.16667 0.0245087 
4.23333 0.0225363 
4.3 0.0206481 
4.36667 0.0188501 
4.43333 0.017147 
4.5 0.0155419 
4.56667 0.0140371 
4.63333 0.0126335 
4.7 0.0113306 
4.76667 0.0101273 
4.83333 0.00902119 
4.9 0.00800931 
4.96667 0.00708784 
5.03333 0.00625246 
5.1 0.00549837 
5.16667 0.00482049 
5.23333 0.00421352 
5.3 0.00367208 
5.36667 0.0031908 
5.43333 0.00276441 
5.5 0.00238781 
5.56667 0.00205615 
5.63333 0.00176483 
5.7 0.0015096 
5.76667 0.00128651 
5.83333 0.00109197 
5.9 0.000922729 
5.96667 0.00077586 
6.03333 0.000648752 
6.1 0.000539082 
6.16667 0.000444794 
6.23333 0.000364065 
6.3 0.000295286 
6.36667 0.000237027 
6.43333 0.000188016 
6.5 0.000147116 
6.56667 0.000113307 
6.63333 8.56648e-05 
6.7 6.33561e-05 
6.76667 4.56224e-05 
6.83333 3.17754e-05 
6.9 2.11916e-05 
6.96667 1.33089e-05 
7.03333 7.62435e-06 
7.1 3.69263e-06 
7.16667 1.12433e-06 
7.23333 -4.15594e-07 
7.3 -1.21e-06 
7.36667 -1.49222e-06 
7.43333 -1.44933e-06 
7.5 -1.22609e-06 
7.56667 -9.29224e-07 
7.63333 -6.32199e-07 
7.7 -3.80074e-07 
7.76667 -1.94467e-07 
7.83333 -7.84389e-08 
7.9 -2.11988e-08 
7.96667 -2.60461e-09 
8.03333 2.583e-09 
8.1 2.06754e-08 
8.16667 7.52373e-08 
8.23333 1.83445e-07 
8.3 3.52598e-07 
8.36667 5.76787e-07 
8.43333 8.3373e-07 
8.5 1.08184e-06 
8.56667 1.25759e-06 
8.63333 1.27328e-06 
8.7 1.01529e-06 
8.76667 3.42905e-07 
8.83333 -9.12194e-07 
8.9 -2.9458e-06 
8.96667 -5.98044e-06 
9.03333 -1.0264e-05 
9.1 -1.60684e-05 
9.16667 -2.36871e-05 
9.23333 -3.34345e-05 
9.3 -4.56437e-05 
9.36667 -6.06665e-05 
9.43333 -7.88742e-05 
9.5 -0.000100659 
9.56667 -0.000126436 
9.63333 -0.000156651 
9.7 -0.000191784 
9.76667 -0.000232356 
9.83333 -0.000278938 
9.9 -0.000332162 
9.96667 -0.000392723 
