0.01 0.0883524 0.000883524
0.0766667 0.0883094 0.000883094
0.143333 0.0882011 0.000882011
0.21 0.08803 0.0008803
0.276667 0.0877999 0.000877999
0.343333 0.087516 0.00087516
0.41 0.0871841 0.000871841
0.476667 0.0868114 0.000868114
0.543333 0.0864051 0.000864051
0.61 0.0859729 0.000859729
0.676667 0.0855226 0.000855226
0.743333 0.0850616 0.000850616
0.81 0.0845966 0.000845966
0.876667 0.0841338 0.000841338
0.943333 0.0836784 0.000836784
1.01 0.0832344 0.000832344
1.07667 0.0828045 0.000828045
1.14333 0.0823906 0.000823906
1.21 0.0819928 0.000819928
1.27667 0.0816103 0.000816103
1.34333 0.0812411 0.000812411
1.41 0.0808821 0.000808821
1.47667 0.0805293 0.000805293
1.54333 0.0801778 0.000801778
1.61 0.0798222 0.000798222
1.67667 0.0794564 0.000794564
1.74333 0.079074 0.00079074
1.81 0.0786681 0.000786681
1.87667 0.0782318 0.000782318
1.94333 0.077758 0.00077758
2.01 0.0772397 0.000772397
2.07667 0.0766697 0.000766697
2.14333 0.0760411 0.000760411
2.21 0.0753471 0.000753471
2.27667 0.0745812 0.000745812
2.34333 0.0737373 0.000737373
2.41 0.0728095 0.000728095
2.47667 0.0717927 0.000717927
2.54333 0.0706824 0.000706824
2.61 0.0694749 0.000694749
2.67667 0.0681675 0.000681675
2.74333 0.0667584 0.000667584
2.81 0.0652472 0.000652472
2.87667 0.0636346 0.000636346
2.94333 0.0619228 0.000619228
3.01 0.0601155 0.000601155
3.07667 0.0582177 0.000582177
3.14333 0.0562359 0.000562359
3.21 0.0541779 0.000541779
3.27667 0.0520529 0.000520529
3.34333 0.0498711 0.000498711
3.41 0.0476437 0.000476437
3.47667 0.0453827 0.000453827
3.54333 0.0431004 0.000431004
3.61 0.0408096 0.000408096
3.67667 0.0385231 0.000385231
3.74333 0.0362533 0.000362533
3.81 0.0340124 0.000340124
3.87667 0.0318119 0.000318119
3.94333 0.0296624 0.000296624
4.01 0.0275736 0.000275736
4.07667 0.0255539 0.000255539
4.14333 0.0236108 0.000236108
4.21 0.0217504 0.000217504
4.27667 0.0199774 0.000199774
4.34333 0.0182956 0.000182956
4.41 0.0167073 0.000167073
4.47667 0.0152138 0.000152138
4.54333 0.0138152 0.000138152
4.61 0.0125109 0.000125109
4.67667 0.0112993 0.000112993
4.74333 0.010178 0.00010178
4.81 0.00914411 9.14411e-05
4.87667 0.00819421 8.19421e-05
4.94333 0.00732449 7.32449e-05
5.01 0.00653086 6.53086e-05
5.07667 0.00580903 5.80903e-05
5.14333 0.00515462 5.15462e-05
5.21 0.00456319 4.56319e-05
5.27667 0.00403033 4.03033e-05
5.34333 0.00355171 3.55171e-05
5.41 0.00312311 3.12311e-05
5.47667 0.00274045 2.74045e-05
5.54333 0.00239984 2.39984e-05
5.61 0.00209756 2.09756e-05
5.67667 0.00183008 1.83008e-05
5.74333 0.00159411 1.59411e-05
5.81 0.00138653 1.38653e-05
5.87667 0.00120446 1.20446e-05
5.94333 0.00104522 1.04522e-05
6.01 0.000906326 9.06326e-06
6.07667 0.000785501 7.85501e-06
6.14333 0.000680658 6.80658e-06
6.21 0.000589895 5.89895e-06
6.27667 0.000511491 5.11491e-06
6.34333 0.000443891 4.43891e-06
6.41 0.000385699 3.85699e-06
6.47667 0.000335672 3.35672e-06
6.54333 0.000292706 2.92706e-06
6.61 0.000255827 2.55827e-06
6.67667 0.000224182 2.24182e-06
6.74333 0.000197025 1.97025e-06
6.81 0.000173713 1.73713e-06
6.87667 0.000153688 1.53688e-06
6.94333 0.000136472 1.36472e-06
7.01 0.000121658 1.21658e-06
7.07667 0.000108898 1.08898e-06
7.14333 9.78953e-05 9.78953e-07
7.21 8.83998e-05 8.83998e-07
7.27667 8.01976e-05 8.01976e-07
7.34333 7.31063e-05 7.31063e-07
7.41 6.69699e-05 6.69699e-07
7.47667 6.16539e-05 6.16539e-07
7.54333 5.70415e-05 5.70415e-07
7.61 5.30308e-05 5.30308e-07
7.67667 4.9532e-05 4.9532e-07
7.74333 4.64655e-05 4.64655e-07
7.81 4.37607e-05 4.37607e-07
7.87667 4.1355e-05 4.1355e-07
7.94333 3.91927e-05 3.91927e-07
8.01 3.72247e-05 3.72247e-07
8.07667 3.54083e-05 3.54083e-07
8.14333 3.37067e-05 3.37067e-07
8.21 3.20889e-05 3.20889e-07
8.27667 3.05296e-05 3.05296e-07
8.34333 2.90086e-05 2.90086e-07
8.41 2.75109e-05 2.75109e-07
8.47667 2.60263e-05 2.60263e-07
8.54333 2.45484e-05 2.45484e-07
8.61 2.30749e-05 2.30749e-07
8.67667 2.16065e-05 2.16065e-07
8.74333 2.01467e-05 2.01467e-07
8.81 1.87009e-05 1.87009e-07
8.87667 1.72759e-05 1.72759e-07
8.94333 1.58796e-05 1.58796e-07
9.01 1.45202e-05 1.45202e-07
9.07667 1.32058e-05 1.32058e-07
9.14333 1.1944e-05 1.1944e-07
9.21 1.07418e-05 1.07418e-07
9.27667 9.6051e-06 9.6051e-08
9.34333 8.53851e-06 8.53851e-08
9.41 7.54547e-06 7.54547e-08
9.47667 6.62806e-06 6.62806e-08
9.54333 5.78707e-06 5.78707e-08
9.61 5.02208e-06 5.02208e-08
9.67667 4.33156e-06 4.33156e-08
9.74333 3.71301e-06 3.71301e-08
9.81 3.16314e-06 3.16314e-08
9.87667 2.678e-06 2.678e-08
9.94333 2.25316e-06 2.25316e-08
10.01 1.88391e-06 1.88391e-08
