This is pdfTeX, Version 3.14159265-2.6-1.40.19 (TeX Live 2018/Arch Linux) (preloaded format=pdflatex 2018.6.27)  17 AUG 2018 11:56
entering extended mode
 restricted \write18 enabled.
 %&-line parsing enabled.
**current.tex
(./current.tex
LaTeX2e <2018-04-01> patch level 2
Babel <3.18> and hyphenation patterns for 84 language(s) loaded.
(/usr/share/texmf-dist/tex/latex/base/report.cls
Document Class: report 2014/09/29 v1.4h Standard LaTeX document class
(/usr/share/texmf-dist/tex/latex/base/size12.clo
File: size12.clo 2014/09/29 v1.4h Standard LaTeX file (size option)
)
\c@part=\count80
\c@chapter=\count81
\c@section=\count82
\c@subsection=\count83
\c@subsubsection=\count84
\c@paragraph=\count85
\c@subparagraph=\count86
\c@figure=\count87
\c@table=\count88
\abovecaptionskip=\skip41
\belowcaptionskip=\skip42
\bibindent=\dimen102
)
(/usr/share/texmf-dist/tex/latex/xcolor/xcolor.sty
Package: xcolor 2016/05/11 v2.12 LaTeX color extensions (UK)

(/usr/share/texmf-dist/tex/latex/graphics-cfg/color.cfg
File: color.cfg 2016/01/02 v1.6 sample color configuration
)
Package xcolor Info: Driver file: pdftex.def on input line 225.

(/usr/share/texmf-dist/tex/latex/graphics-def/pdftex.def
File: pdftex.def 2018/01/08 v1.0l Graphics/color driver for pdftex
)
Package xcolor Info: Model `cmy' substituted by `cmy0' on input line 1348.
Package xcolor Info: Model `hsb' substituted by `rgb' on input line 1352.
Package xcolor Info: Model `RGB' extended on input line 1364.
Package xcolor Info: Model `HTML' substituted by `rgb' on input line 1366.
Package xcolor Info: Model `Hsb' substituted by `hsb' on input line 1367.
Package xcolor Info: Model `tHsb' substituted by `hsb' on input line 1368.
Package xcolor Info: Model `HSB' substituted by `hsb' on input line 1369.
Package xcolor Info: Model `Gray' substituted by `gray' on input line 1370.
Package xcolor Info: Model `wave' substituted by `hsb' on input line 1371.
)
(/usr/share/texmf-dist/tex/latex/graphics/graphicx.sty
Package: graphicx 2017/06/01 v1.1a Enhanced LaTeX Graphics (DPC,SPQR)

(/usr/share/texmf-dist/tex/latex/graphics/keyval.sty
Package: keyval 2014/10/28 v1.15 key=value parser (DPC)
\KV@toks@=\toks14
)
(/usr/share/texmf-dist/tex/latex/graphics/graphics.sty
Package: graphics 2017/06/25 v1.2c Standard LaTeX Graphics (DPC,SPQR)

(/usr/share/texmf-dist/tex/latex/graphics/trig.sty
Package: trig 2016/01/03 v1.10 sin cos tan (DPC)
)
(/usr/share/texmf-dist/tex/latex/graphics-cfg/graphics.cfg
File: graphics.cfg 2016/06/04 v1.11 sample graphics configuration
)
Package graphics Info: Driver file: pdftex.def on input line 99.
)
\Gin@req@height=\dimen103
\Gin@req@width=\dimen104
)
(/usr/share/texmf-dist/tex/latex/tools/calc.sty
Package: calc 2017/05/25 v4.3 Infix arithmetic (KKT,FJ)
\calc@Acount=\count89
\calc@Bcount=\count90
\calc@Adimen=\dimen105
\calc@Bdimen=\dimen106
\calc@Askip=\skip43
\calc@Bskip=\skip44
LaTeX Info: Redefining \setlength on input line 80.
LaTeX Info: Redefining \addtolength on input line 81.
\calc@Ccount=\count91
\calc@Cskip=\skip45
)
(/usr/share/texmf-dist/tex/latex/mathtools/mathtools.sty
Package: mathtools 2018/01/08 v1.21 mathematical typesetting tools

(/usr/share/texmf-dist/tex/latex/mathtools/mhsetup.sty
Package: mhsetup 2017/03/31 v1.3 programming setup (MH)
)
(/usr/share/texmf-dist/tex/latex/amsmath/amsmath.sty
Package: amsmath 2017/09/02 v2.17a AMS math features
\@mathmargin=\skip46

For additional information on amsmath, use the `?' option.
(/usr/share/texmf-dist/tex/latex/amsmath/amstext.sty
Package: amstext 2000/06/29 v2.01 AMS text

(/usr/share/texmf-dist/tex/latex/amsmath/amsgen.sty
File: amsgen.sty 1999/11/30 v2.0 generic functions
\@emptytoks=\toks15
\ex@=\dimen107
))
(/usr/share/texmf-dist/tex/latex/amsmath/amsbsy.sty
Package: amsbsy 1999/11/29 v1.2d Bold Symbols
\pmbraise@=\dimen108
)
(/usr/share/texmf-dist/tex/latex/amsmath/amsopn.sty
Package: amsopn 2016/03/08 v2.02 operator names
)
\inf@bad=\count92
LaTeX Info: Redefining \frac on input line 213.
\uproot@=\count93
\leftroot@=\count94
LaTeX Info: Redefining \overline on input line 375.
\classnum@=\count95
\DOTSCASE@=\count96
LaTeX Info: Redefining \ldots on input line 472.
LaTeX Info: Redefining \dots on input line 475.
LaTeX Info: Redefining \cdots on input line 596.
\Mathstrutbox@=\box26
\strutbox@=\box27
\big@size=\dimen109
LaTeX Font Info:    Redeclaring font encoding OML on input line 712.
LaTeX Font Info:    Redeclaring font encoding OMS on input line 713.
\macc@depth=\count97
\c@MaxMatrixCols=\count98
\dotsspace@=\muskip10
\c@parentequation=\count99
\dspbrk@lvl=\count100
\tag@help=\toks16
\row@=\count101
\column@=\count102
\maxfields@=\count103
\andhelp@=\toks17
\eqnshift@=\dimen110
\alignsep@=\dimen111
\tagshift@=\dimen112
\tagwidth@=\dimen113
\totwidth@=\dimen114
\lineht@=\dimen115
\@envbody=\toks18
\multlinegap=\skip47
\multlinetaggap=\skip48
\mathdisplay@stack=\toks19
LaTeX Info: Redefining \[ on input line 2817.
LaTeX Info: Redefining \] on input line 2818.
)
LaTeX Info: Thecontrolsequence`\('isalreadyrobust on input line 129.
LaTeX Info: Thecontrolsequence`\)'isalreadyrobust on input line 129.
LaTeX Info: Thecontrolsequence`\['isalreadyrobust on input line 129.
LaTeX Info: Thecontrolsequence`\]'isalreadyrobust on input line 129.
\g_MT_multlinerow_int=\count104
\l_MT_multwidth_dim=\dimen116
\origjot=\skip49
\l_MT_shortvdotswithinadjustabove_dim=\dimen117
\l_MT_shortvdotswithinadjustbelow_dim=\dimen118
\l_MT_above_intertext_sep=\dimen119
\l_MT_below_intertext_sep=\dimen120
\l_MT_above_shortintertext_sep=\dimen121
\l_MT_below_shortintertext_sep=\dimen122
)
(/usr/share/texmf-dist/tex/latex/geometry/geometry.sty
Package: geometry 2018/03/24 v5.7 Page Geometry

(/usr/share/texmf-dist/tex/generic/oberdiek/ifpdf.sty
Package: ifpdf 2017/03/15 v3.2 Provides the ifpdf switch
)
(/usr/share/texmf-dist/tex/generic/oberdiek/ifvtex.sty
Package: ifvtex 2016/05/16 v1.6 Detect VTeX and its facilities (HO)
Package ifvtex Info: VTeX not detected.
)
(/usr/share/texmf-dist/tex/generic/ifxetex/ifxetex.sty
Package: ifxetex 2010/09/12 v0.6 Provides ifxetex conditional
)
\Gm@cnth=\count105
\Gm@cntv=\count106
\c@Gm@tempcnt=\count107
\Gm@bindingoffset=\dimen123
\Gm@wd@mp=\dimen124
\Gm@odd@mp=\dimen125
\Gm@even@mp=\dimen126
\Gm@layoutwidth=\dimen127
\Gm@layoutheight=\dimen128
\Gm@layouthoffset=\dimen129
\Gm@layoutvoffset=\dimen130
\Gm@dimlist=\toks20
) (./current.aux)
\openout1 = `current.aux'.

LaTeX Font Info:    Checking defaults for OML/cmm/m/it on input line 4.
LaTeX Font Info:    ... okay on input line 4.
LaTeX Font Info:    Checking defaults for T1/cmr/m/n on input line 4.
LaTeX Font Info:    ... okay on input line 4.
LaTeX Font Info:    Checking defaults for OT1/cmr/m/n on input line 4.
LaTeX Font Info:    ... okay on input line 4.
LaTeX Font Info:    Checking defaults for OMS/cmsy/m/n on input line 4.
LaTeX Font Info:    ... okay on input line 4.
LaTeX Font Info:    Checking defaults for OMX/cmex/m/n on input line 4.
LaTeX Font Info:    ... okay on input line 4.
LaTeX Font Info:    Checking defaults for U/cmr/m/n on input line 4.
LaTeX Font Info:    ... okay on input line 4.

(/usr/share/texmf-dist/tex/context/base/mkii/supp-pdf.mkii
[Loading MPS to PDF converter (version 2006.09.02).]
\scratchcounter=\count108
\scratchdimen=\dimen131
\scratchbox=\box28
\nofMPsegments=\count109
\nofMParguments=\count110
\everyMPshowfont=\toks21
\MPscratchCnt=\count111
\MPscratchDim=\dimen132
\MPnumerator=\count112
\makeMPintoPDFobject=\count113
\everyMPtoPDFconversion=\toks22
) (/usr/share/texmf-dist/tex/latex/oberdiek/epstopdf-base.sty
Package: epstopdf-base 2016/05/15 v2.6 Base part for package epstopdf

(/usr/share/texmf-dist/tex/generic/oberdiek/infwarerr.sty
Package: infwarerr 2016/05/16 v1.4 Providing info/warning/error messages (HO)
)
(/usr/share/texmf-dist/tex/latex/oberdiek/grfext.sty
Package: grfext 2016/05/16 v1.2 Manage graphics extensions (HO)

(/usr/share/texmf-dist/tex/generic/oberdiek/kvdefinekeys.sty
Package: kvdefinekeys 2016/05/16 v1.4 Define keys (HO)

(/usr/share/texmf-dist/tex/generic/oberdiek/ltxcmds.sty
Package: ltxcmds 2016/05/16 v1.23 LaTeX kernel commands for general use (HO)
)))
(/usr/share/texmf-dist/tex/latex/oberdiek/kvoptions.sty
Package: kvoptions 2016/05/16 v3.12 Key value format for package options (HO)

(/usr/share/texmf-dist/tex/generic/oberdiek/kvsetkeys.sty
Package: kvsetkeys 2016/05/16 v1.17 Key value parser (HO)

(/usr/share/texmf-dist/tex/generic/oberdiek/etexcmds.sty
Package: etexcmds 2016/05/16 v1.6 Avoid name clashes with e-TeX commands (HO)

(/usr/share/texmf-dist/tex/generic/oberdiek/ifluatex.sty
Package: ifluatex 2016/05/16 v1.4 Provides the ifluatex switch (HO)
Package ifluatex Info: LuaTeX not detected.
)
Package etexcmds Info: Could not find \expanded.
(etexcmds)             That can mean that you are not using pdfTeX 1.50 or
(etexcmds)             that some package has redefined \expanded.
(etexcmds)             In the latter case, load this package earlier.
)))
(/usr/share/texmf-dist/tex/generic/oberdiek/pdftexcmds.sty
Package: pdftexcmds 2018/01/30 v0.27 Utility functions of pdfTeX for LuaTeX (HO
)
Package pdftexcmds Info: LuaTeX not detected.
Package pdftexcmds Info: \pdf@primitive is available.
Package pdftexcmds Info: \pdf@ifprimitive is available.
Package pdftexcmds Info: \pdfdraftmode found.
)
Package epstopdf-base Info: Redefining graphics rule for `.eps' on input line 4
38.
Package grfext Info: Graphics extension search list:
(grfext)             [.pdf,.png,.jpg,.mps,.jpeg,.jbig2,.jb2,.PDF,.PNG,.JPG,.JPE
G,.JBIG2,.JB2,.eps]
(grfext)             \AppendGraphicsExtensions on input line 456.

(/usr/share/texmf-dist/tex/latex/latexconfig/epstopdf-sys.cfg
File: epstopdf-sys.cfg 2010/07/13 v1.3 Configuration of (r)epstopdf for TeX Liv
e
))
*geometry* driver: auto-detecting
*geometry* detected driver: pdftex
*geometry* verbose mode - [ preamble ] result:
* driver: pdftex
* paper: a4paper
* layout: <same size as paper>
* layoutoffset:(h,v)=(0.0pt,0.0pt)
* modes: 
* h-part:(L,W,R)=(72.26999pt, 452.9679pt, 72.26999pt)
* v-part:(T,H,B)=(72.26999pt, 700.50687pt, 72.26999pt)
* \paperwidth=597.50787pt
* \paperheight=845.04684pt
* \textwidth=452.9679pt
* \textheight=700.50687pt
* \oddsidemargin=0.0pt
* \evensidemargin=0.0pt
* \topmargin=-37.0pt
* \headheight=12.0pt
* \headsep=25.0pt
* \topskip=12.0pt
* \footskip=30.0pt
* \marginparwidth=35.0pt
* \marginparsep=10.0pt
* \columnsep=10.0pt
* \skip\footins=10.8pt plus 4.0pt minus 2.0pt
* \hoffset=0.0pt
* \voffset=0.0pt
* \mag=1000
* \@twocolumnfalse
* \@twosidefalse
* \@mparswitchfalse
* \@reversemarginfalse
* (1in=72.27pt=25.4mm, 1cm=28.453pt)

(./prop_pos_local.tex
\gptboxheight=\skip50
\gptboxwidth=\skip51
\gptboxtext=\box29
Package epstopdf Info: Source file: <prop_pos_local.eps>
(epstopdf)                    date: 2018-08-17 11:56:06
(epstopdf)                    size: 19571 bytes
(epstopdf)             Output file: <prop_pos_local-eps-converted-to.pdf>
(epstopdf)                    date: 2018-08-17 11:55:45
(epstopdf)                    size: 3403 bytes
(epstopdf)             Command: <repstopdf --outfile=prop_pos_local-eps-convert
ed-to.pdf prop_pos_local.eps>
(epstopdf)             \includegraphics on input line 112.
runsystem(repstopdf --outfile=prop_pos_local-eps-converted-to.pdf prop_pos_loca
l.eps)...executed safely (allowed).

Package epstopdf Info: Result file: <prop_pos_local-eps-converted-to.pdf>
(epstopdf)                    date: 2018-08-17 11:56:06
(epstopdf)                    size: 3403 bytes.
<prop_pos_local-eps-converted-to.pdf, id=1, 433.62pt x 289.08pt>
File: prop_pos_local-eps-converted-to.pdf Graphic file (type pdf)
<use prop_pos_local-eps-converted-to.pdf>
Package pdftex.def Info: prop_pos_local-eps-converted-to.pdf  used on input lin
e 112.
(pdftex.def)             Requested size: 433.61894pt x 289.07928pt.
)
Overfull \hbox (17.62482pt too wide) in paragraph at lines 9--14
[]$[]$ 
 []

(./prop_pos_nonlocal.tex
Package epstopdf Info: Source file: <prop_pos_nonlocal.eps>
(epstopdf)                    date: 2018-08-17 11:56:06
(epstopdf)                    size: 19430 bytes
(epstopdf)             Output file: <prop_pos_nonlocal-eps-converted-to.pdf>
(epstopdf)                    date: 2018-08-17 11:55:45
(epstopdf)                    size: 3399 bytes
(epstopdf)             Command: <repstopdf --outfile=prop_pos_nonlocal-eps-conv
erted-to.pdf prop_pos_nonlocal.eps>
(epstopdf)             \includegraphics on input line 110.
runsystem(repstopdf --outfile=prop_pos_nonlocal-eps-converted-to.pdf prop_pos_n
onlocal.eps)...executed safely (allowed).

Package epstopdf Info: Result file: <prop_pos_nonlocal-eps-converted-to.pdf>
(epstopdf)                    date: 2018-08-17 11:56:07
(epstopdf)                    size: 3399 bytes.
<prop_pos_nonlocal-eps-converted-to.pdf, id=2, 433.62pt x 289.08pt>
File: prop_pos_nonlocal-eps-converted-to.pdf Graphic file (type pdf)
<use prop_pos_nonlocal-eps-converted-to.pdf>
Package pdftex.def Info: prop_pos_nonlocal-eps-converted-to.pdf  used on input 
line 110.
(pdftex.def)             Requested size: 433.61894pt x 289.07928pt.
)
Overfull \hbox (17.62482pt too wide) in paragraph at lines 15--20
[]$[]$ 
 []

[1

{/var/lib/texmf/fonts/map/pdftex/updmap/pdftex.map} <./prop_pos_local-eps-conve
rted-to.pdf> <./prop_pos_nonlocal-eps-converted-to.pdf>]
(./prop_neg_local.tex
Package epstopdf Info: Source file: <prop_neg_local.eps>
(epstopdf)                    date: 2018-08-17 11:56:06
(epstopdf)                    size: 19518 bytes
(epstopdf)             Output file: <prop_neg_local-eps-converted-to.pdf>
(epstopdf)                    date: 2018-08-17 11:55:46
(epstopdf)                    size: 3317 bytes
(epstopdf)             Command: <repstopdf --outfile=prop_neg_local-eps-convert
ed-to.pdf prop_neg_local.eps>
(epstopdf)             \includegraphics on input line 114.
runsystem(repstopdf --outfile=prop_neg_local-eps-converted-to.pdf prop_neg_loca
l.eps)...executed safely (allowed).

Package epstopdf Info: Result file: <prop_neg_local-eps-converted-to.pdf>
(epstopdf)                    date: 2018-08-17 11:56:07
(epstopdf)                    size: 3317 bytes.
<prop_neg_local-eps-converted-to.pdf, id=16, 433.62pt x 289.08pt>
File: prop_neg_local-eps-converted-to.pdf Graphic file (type pdf)
<use prop_neg_local-eps-converted-to.pdf>
Package pdftex.def Info: prop_neg_local-eps-converted-to.pdf  used on input lin
e 114.
(pdftex.def)             Requested size: 433.61894pt x 289.07928pt.
)
Overfull \hbox (17.62482pt too wide) in paragraph at lines 23--28
[]$[]$ 
 []

(./prop_neg_nonlocal.tex
Package epstopdf Info: Source file: <prop_neg_nonlocal.eps>
(epstopdf)                    date: 2018-08-17 11:56:06
(epstopdf)                    size: 19600 bytes
(epstopdf)             Output file: <prop_neg_nonlocal-eps-converted-to.pdf>
(epstopdf)                    date: 2018-08-17 11:55:46
(epstopdf)                    size: 3460 bytes
(epstopdf)             Command: <repstopdf --outfile=prop_neg_nonlocal-eps-conv
erted-to.pdf prop_neg_nonlocal.eps>
(epstopdf)             \includegraphics on input line 115.
runsystem(repstopdf --outfile=prop_neg_nonlocal-eps-converted-to.pdf prop_neg_n
onlocal.eps)...executed safely (allowed).

Package epstopdf Info: Result file: <prop_neg_nonlocal-eps-converted-to.pdf>
(epstopdf)                    date: 2018-08-17 11:56:07
(epstopdf)                    size: 3460 bytes.
<prop_neg_nonlocal-eps-converted-to.pdf, id=17, 433.62pt x 289.08pt>
File: prop_neg_nonlocal-eps-converted-to.pdf Graphic file (type pdf)
<use prop_neg_nonlocal-eps-converted-to.pdf>
Package pdftex.def Info: prop_neg_nonlocal-eps-converted-to.pdf  used on input 
line 115.
(pdftex.def)             Requested size: 433.61894pt x 289.07928pt.
)
Overfull \hbox (17.62482pt too wide) in paragraph at lines 29--34
[]$[]$ 
 []

[2 <./prop_neg_local-eps-converted-to.pdf> <./prop_neg_nonlocal-eps-converted-t
o.pdf>] (./current.aux) ) 
Here is how much of TeX's memory you used:
 3612 strings out of 492649
 50247 string characters out of 6135778
 133677 words of memory out of 5000000
 7437 multiletter control sequences out of 15000+600000
 7050 words of font info for 26 fonts, out of 8000000 for 9000
 1141 hyphenation exceptions out of 8191
 41i,11n,35p,275b,272s stack positions out of 5000i,500n,10000p,200000b,80000s
</usr/share/texmf-dist/fonts/type1/public/amsfonts/cm/
cmmi12.pfb></usr/share/texmf-dist/fonts/type1/public/amsfonts/cm/cmr12.pfb></us
r/share/texmf-dist/fonts/type1/public/amsfonts/cm/cmr8.pfb></usr/share/texmf-di
st/fonts/type1/public/amsfonts/cm/cmsy10.pfb></usr/share/texmf-dist/fonts/type1
/public/amsfonts/cm/cmsy8.pfb>
Output written on current.pdf (2 pages, 53855 bytes).
PDF statistics:
 43 PDF objects out of 1000 (max. 8388607)
 29 compressed objects within 1 object stream
 0 named destinations out of 1000 (max. 500000)
 21 words of extra memory for PDF output out of 10000 (max. 10000000)

